<?xml version="1.0" encoding="UTF-8"?>
<!-- Generated by org.testng.reporters.JUnitReportReporter -->
<testsuite skipped="0" hostname="HPi3" name="AssertionPackage.AssertionClassTest3" tests="1" failures="0" timestamp="25 Aug 2018 19:36:30 GMT" time="41.174" errors="0">
  <testcase name="testGoogle" time="41.174" classname="AssertionPackage.AssertionClassTest3"/>
</testsuite> <!-- AssertionPackage.AssertionClassTest3 -->
