<?xml version="1.0" encoding="UTF-8"?>
<!-- Generated by org.testng.reporters.JUnitReportReporter -->
<testsuite skipped="0" hostname="HPi3" name="testScript.TestInsta" tests="1" failures="0" timestamp="25 Aug 2018 18:40:58 GMT" time="37.875" errors="0">
  <testcase name="TestInstagram1" time="37.875" classname="testScript.TestInsta"/>
</testsuite> <!-- testScript.TestInsta -->
