<?xml version="1.0" encoding="UTF-8"?>
<!-- Generated by org.testng.reporters.JUnitReportReporter -->
<testsuite skipped="0" hostname="HPi3" name="AssertionPackage.TestNGGroups" tests="4" failures="0" timestamp="25 Aug 2018 19:44:01 GMT" time="0.124" errors="0">
  <testcase name="testCaseOne" time="0.077" classname="AssertionPackage.TestNGGroups"/>
  <testcase name="testCaseTwo" time="0.015" classname="AssertionPackage.TestNGGroups"/>
  <testcase name="testCaseThree" time="0.016" classname="AssertionPackage.TestNGGroups"/>
  <testcase name="testCaseFour" time="0.016" classname="AssertionPackage.TestNGGroups"/>
</testsuite> <!-- AssertionPackage.TestNGGroups -->
