<?xml version="1.0" encoding="UTF-8"?>
<!-- Generated by org.testng.reporters.JUnitReportReporter -->
<testsuite skipped="0" hostname="HPi3" name="testScript.TestLinkedIn" tests="1" failures="0" timestamp="25 Aug 2018 18:40:58 GMT" time="36.416" errors="0">
  <testcase name="TestLinkedIn1" time="36.416" classname="testScript.TestLinkedIn"/>
</testsuite> <!-- testScript.TestLinkedIn -->
