<?xml version="1.0" encoding="UTF-8"?>
<!-- Generated by org.testng.reporters.JUnitReportReporter -->
<testsuite skipped="0" hostname="HPi3" name="testScript.Testfacebook" tests="1" failures="0" timestamp="25 Aug 2018 19:36:30 GMT" time="97.844" errors="0">
  <testcase name="Testfacebook1" time="97.844" classname="testScript.Testfacebook"/>
</testsuite> <!-- testScript.Testfacebook -->
